<?xml version="1.0" encoding="UTF-8"?>
<!-- Generated by org.testng.reporters.JUnitXMLReporter -->
<testsuite ignored="2" hostname="DESKTOP-GJJ9NOE" failures="0" tests="3" name="Car Loan" time="0.009" errors="0" timestamp="2022-10-31T11:23:03 IST">
  <testcase classname="General.Day1" name="LoginNegative" time="0.001"/>
  <testcase classname="General.Day4" name="carLoanAccept" time="0.0"/>
  <testcase classname="General.Day4" name="carLoanReject" time="0.0"/>
  <testcase classname="General.Day1" name="Demo" time="0.0">
    <ignored/>
  </testcase> <!-- Demo -->
  <testcase classname="General.Day1" name="LoginPositive" time="0.0">
    <ignored/>
  </testcase> <!-- LoginPositive -->
</testsuite> <!-- Car Loan -->
