<?xml version="1.0" encoding="UTF-8"?>
<!-- Generated by org.testng.reporters.JUnitXMLReporter -->
<testsuite ignored="0" hostname="DESKTOP-GJJ9NOE" failures="0" tests="5" name="Login and Homepage" time="0.045" errors="0" timestamp="2022-10-30T18:02:59 IST">
  <testcase classname="General.Day1" name="Demo" time="0.005"/>
  <testcase classname="General.Day1" name="LoginNegative" time="0.0"/>
  <testcase classname="General.Day1" name="LoginPositive" time="0.0"/>
  <testcase classname="General.Day2" name="HomePage" time="0.0"/>
  <testcase classname="General.Day2" name="HomePagePositive" time="0.001"/>
</testsuite> <!-- Login and Homepage -->
