<?xml version="1.0" encoding="UTF-8"?>
<!-- Generated by org.testng.reporters.JUnitXMLReporter -->
<testsuite ignored="1" hostname="DESKTOP-GJJ9NOE" failures="0" tests="5" name="Personal Loan" time="0.041" errors="0" timestamp="2022-10-31T11:26:13 IST">
  <testcase classname="General.Day1" name="Demo" time="0.003"/>
  <testcase classname="General.Day1" name="LoginPositive" time="0.0"/>
  <testcase classname="General.Day2" name="HomePage" time="0.001"/>
  <testcase classname="General.Day2" name="HomePagePositive" time="0.001"/>
  <testcase classname="General.Day2" name="PersonalLoan" time="0.001"/>
  <testcase classname="General.Day1" name="LoginNegative" time="0.0">
    <ignored/>
  </testcase> <!-- LoginNegative -->
</testsuite> <!-- Personal Loan -->
